1639584334722	geckodriver	INFO	Listening on 127.0.0.1:57973
1639584334728	mozrunner::runner	INFO	Running command: "/usr/bin/firefox" "--marionette" "--remote-debugging-port" "57781" "-no-remote" "-profile" "/tmp/rust_mozprofilewEaTCf"
1639584337383	Marionette	INFO	Marionette enabled
console.info: MINT: Trying to use the system region (based on LANG).
console.info: MINT: System region is US
console.warn: SearchSettings: "get: No settings file exists, new profile?" (new NotFoundError("Could not open the file at /tmp/rust_mozprofilewEaTCf/search.json.mozlz4", (void 0)))
DevTools listening on ws://localhost:57781/devtools/browser/52d38692-1df8-464b-a2a3-39824fd10487
1639584342664	Marionette	INFO	Listening on port 45689
1639584343303	Marionette	WARN	TLS certificate errors will be ignored for this session
console.info: MINT: Loading search-config defaults.
JavaScript error: resource://gre/modules/TelemetryUtils.jsm, line 154: TypeError: date is undefined
JavaScript error: resource://gre/modules/XULStore.jsm, line 66: Error: Can't find profile directory.
JavaScript error: resource://gre/modules/XULStore.jsm, line 66: Error: Can't find profile directory.
JavaScript error: resource://gre/actors/AutoCompleteChild.jsm, line 125: Error: Invalid autocomplete selectedIndex
JavaScript error: resource://gre/actors/AutoCompleteChild.jsm, line 125: Error: Invalid autocomplete selectedIndex
JavaScript error: resource://gre/modules/LoginManagerChild.jsm, line 194: NS_ERROR_XPC_JAVASCRIPT_ERROR_WITH_DETAILS: [JavaScript Error: "Invalid autocomplete selectedIndex" {file: "resource://gre/actors/AutoCompleteChild.jsm" line: 125}]'[JavaScript Error: "Invalid autocomplete selectedIndex" {file: "resource://gre/actors/AutoCompleteChild.jsm" line: 125}]' when calling method: [nsIAutoCompletePopup::selectedIndex]
!!! error running onStopped callback: TypeError: callback is not a function
1639584459444	Marionette	INFO	Stopped listening on port 45689
1639584459486	RemoteAgent	ERROR	unable to stop listener: [Exception... "Component returned failure code: 0x8000ffff (NS_ERROR_UNEXPECTED) [nsIWindowMediator.getEnumerator]"  nsresult: "0x8000ffff (NS_ERROR_UNEXPECTED)"  location: "JS frame :: chrome://remote/content/cdp/observers/TargetObserver.jsm :: stop :: line 64"  data: no] Stack trace: stop()@TargetObserver.jsm:64
unwatchForTabs()@TargetList.jsm:70
unwatchForTargets()@TargetList.jsm:37
destructor()@TargetList.jsm:109
close()@RemoteAgent.jsm:136
1639584460571	geckodriver	INFO	Listening on 127.0.0.1:60435
1639584460576	mozrunner::runner	INFO	Running command: "/usr/bin/firefox" "--marionette" "--remote-debugging-port" "36605" "-no-remote" "-profile" "/tmp/rust_mozprofileQ9pxIe"
1639584462588	Marionette	INFO	Marionette enabled
console.info: MINT: Trying to use the system region (based on LANG).
console.info: MINT: System region is US
console.warn: SearchSettings: "get: No settings file exists, new profile?" (new NotFoundError("Could not open the file at /tmp/rust_mozprofileQ9pxIe/search.json.mozlz4", (void 0)))
DevTools listening on ws://localhost:36605/devtools/browser/105a4d23-68de-4666-82c5-368d0f4d2153
1639584466492	Marionette	INFO	Listening on port 34385
1639584466513	Marionette	WARN	TLS certificate errors will be ignored for this session
JavaScript error: resource://gre/modules/XULStore.jsm, line 66: Error: Can't find profile directory.
JavaScript error: resource://gre/modules/XULStore.jsm, line 66: Error: Can't find profile directory.
console.info: MINT: Loading search-config defaults.
JavaScript error: resource://gre/modules/TelemetryUtils.jsm, line 154: TypeError: date is undefined
console.info: MINT: main/search-config update being skipped
1639584808936	geckodriver	INFO	Listening on 127.0.0.1:57387
1639584808942	mozrunner::runner	INFO	Running command: "/usr/bin/firefox" "--marionette" "--remote-debugging-port" "38619" "-no-remote" "-profile" "/tmp/rust_mozprofilemfW2Um"
1639584810889	Marionette	INFO	Marionette enabled
console.info: MINT: Trying to use the system region (based on LANG).
console.info: MINT: System region is US
console.warn: SearchSettings: "get: No settings file exists, new profile?" (new NotFoundError("Could not open the file at /tmp/rust_mozprofilemfW2Um/search.json.mozlz4", (void 0)))
DevTools listening on ws://localhost:38619/devtools/browser/50d48517-0f0c-402e-aeb9-916733e3e252
1639584814682	Marionette	INFO	Listening on port 35033
1639584814794	Marionette	WARN	TLS certificate errors will be ignored for this session
JavaScript error: resource://gre/modules/XULStore.jsm, line 66: Error: Can't find profile directory.
JavaScript error: resource://gre/modules/XULStore.jsm, line 66: Error: Can't find profile directory.
console.info: MINT: Loading search-config defaults.
JavaScript error: resource://gre/modules/TelemetryUtils.jsm, line 154: TypeError: date is undefined
!!! error running onStopped callback: TypeError: callback is not a function
1639584849661	Marionette	INFO	Stopped listening on port 35033
1639584849701	RemoteAgent	ERROR	unable to stop listener: [Exception... "Component returned failure code: 0x8000ffff (NS_ERROR_UNEXPECTED) [nsIWindowMediator.getEnumerator]"  nsresult: "0x8000ffff (NS_ERROR_UNEXPECTED)"  location: "JS frame :: chrome://remote/content/cdp/observers/TargetObserver.jsm :: stop :: line 64"  data: no] Stack trace: stop()@TargetObserver.jsm:64
unwatchForTabs()@TargetList.jsm:70
unwatchForTargets()@TargetList.jsm:37
destructor()@TargetList.jsm:109
close()@RemoteAgent.jsm:136
1639584852756	addons.xpi	ERROR	System addon update list error Error: Failed downloading XML, status: 0, reason: error
!!! error running onStopped callback: TypeError: callback is not a function
1639584853553	Marionette	INFO	Stopped listening on port 34385
1639584853624	RemoteAgent	ERROR	unable to stop listener: [Exception... "Component returned failure code: 0x8000ffff (NS_ERROR_UNEXPECTED) [nsIWindowMediator.getEnumerator]"  nsresult: "0x8000ffff (NS_ERROR_UNEXPECTED)"  location: "JS frame :: chrome://remote/content/cdp/observers/TargetObserver.jsm :: stop :: line 64"  data: no] Stack trace: stop()@TargetObserver.jsm:64
unwatchForTabs()@TargetList.jsm:70
unwatchForTargets()@TargetList.jsm:37
destructor()@TargetList.jsm:109
close()@RemoteAgent.jsm:136
1639584992201	geckodriver	INFO	Listening on 127.0.0.1:38153
1639584992207	mozrunner::runner	INFO	Running command: "/usr/bin/firefox" "--marionette" "--remote-debugging-port" "38935" "-no-remote" "-profile" "/tmp/rust_mozprofileq6hHpl"
1639584994224	Marionette	INFO	Marionette enabled
console.info: MINT: Trying to use the system region (based on LANG).
console.info: MINT: System region is US
console.warn: SearchSettings: "get: No settings file exists, new profile?" (new NotFoundError("Could not open the file at /tmp/rust_mozprofileq6hHpl/search.json.mozlz4", (void 0)))
DevTools listening on ws://localhost:38935/devtools/browser/174aefb7-7699-4e87-a7a1-ee36bffa44ef
1639584998162	Marionette	INFO	Listening on port 38165
1639584998244	Marionette	WARN	TLS certificate errors will be ignored for this session
JavaScript error: resource://gre/modules/XULStore.jsm, line 66: Error: Can't find profile directory.
JavaScript error: resource://gre/modules/XULStore.jsm, line 66: Error: Can't find profile directory.
console.info: MINT: Loading search-config defaults.
JavaScript error: resource://gre/modules/TelemetryUtils.jsm, line 154: TypeError: date is undefined
console.info: MINT: main/search-config update being skipped
!!! error running onStopped callback: TypeError: callback is not a function
1639585339831	Marionette	INFO	Stopped listening on port 38165
1639585339894	RemoteAgent	ERROR	unable to stop listener: [Exception... "Component returned failure code: 0x8000ffff (NS_ERROR_UNEXPECTED) [nsIWindowMediator.getEnumerator]"  nsresult: "0x8000ffff (NS_ERROR_UNEXPECTED)"  location: "JS frame :: chrome://remote/content/cdp/observers/TargetObserver.jsm :: stop :: line 64"  data: no] Stack trace: stop()@TargetObserver.jsm:64
unwatchForTabs()@TargetList.jsm:70
unwatchForTargets()@TargetList.jsm:37
destructor()@TargetList.jsm:109
close()@RemoteAgent.jsm:136
1639585348486	geckodriver	INFO	Listening on 127.0.0.1:39319
1639585348492	mozrunner::runner	INFO	Running command: "/usr/bin/firefox" "--marionette" "--remote-debugging-port" "60331" "-no-remote" "-profile" "/tmp/rust_mozprofilePVSUxv"
1639585350546	Marionette	INFO	Marionette enabled
console.info: MINT: Trying to use the system region (based on LANG).
console.info: MINT: System region is US
console.warn: SearchSettings: "get: No settings file exists, new profile?" (new NotFoundError("Could not open the file at /tmp/rust_mozprofilePVSUxv/search.json.mozlz4", (void 0)))
DevTools listening on ws://localhost:60331/devtools/browser/e6113a9e-3114-49ac-8b90-cf565c8f58d5
1639585355410	Marionette	INFO	Listening on port 44555
1639585355447	Marionette	WARN	TLS certificate errors will be ignored for this session
console.info: MINT: Loading search-config defaults.
JavaScript error: resource://gre/modules/TelemetryUtils.jsm, line 154: TypeError: date is undefined
1639585368107	geckodriver::marionette	ERROR	Failed to close browser connection: Socket not connected (os error 107)
!!! error running onStopped callback: TypeError: callback is not a function
Marionette threw an error: TypeError: this.currentSession is null
GeckoDriver.prototype.getBrowsingContext@chrome://marionette/content/driver.js:292:5
GeckoDriver.prototype.getActor/<@chrome://marionette/content/driver.js:264:10
getMarionetteCommandsActorProxy/get/<@chrome://marionette/content/actors/MarionetteCommandsParent.jsm:327:29
observe@resource://gre/modules/AsyncShutdown.jsm:575:16

1639585368753	Marionette	INFO	Stopped listening on port 44555

###!!! [Parent][RunMessage] Error: Channel closing: too late to send/recv, messages will be lost

1639585368953	RemoteAgent	ERROR	unable to stop listener: [Exception... "Component returned failure code: 0x8000ffff (NS_ERROR_UNEXPECTED) [nsIWindowMediator.getEnumerator]"  nsresult: "0x8000ffff (NS_ERROR_UNEXPECTED)"  location: "JS frame :: chrome://remote/content/cdp/observers/TargetObserver.jsm :: stop :: line 64"  data: no] Stack trace: stop()@TargetObserver.jsm:64
unwatchForTabs()@TargetList.jsm:70
unwatchForTargets()@TargetList.jsm:37
destructor()@TargetList.jsm:109
close()@RemoteAgent.jsm:136
1639586614808	geckodriver	INFO	Listening on 127.0.0.1:59247
1639586614815	mozrunner::runner	INFO	Running command: "/usr/bin/firefox" "--marionette" "--remote-debugging-port" "40675" "-no-remote" "-profile" "/tmp/rust_mozprofiles803FL"
1639586616987	Marionette	INFO	Marionette enabled
console.info: MINT: Trying to use the system region (based on LANG).
console.info: MINT: System region is US
console.warn: SearchSettings: "get: No settings file exists, new profile?" (new NotFoundError("Could not open the file at /tmp/rust_mozprofiles803FL/search.json.mozlz4", (void 0)))
DevTools listening on ws://localhost:40675/devtools/browser/bbd31fda-18e3-4e1b-9b6f-10e8c527ea5b
1639586620727	Marionette	INFO	Listening on port 35891
1639586620759	Marionette	WARN	TLS certificate errors will be ignored for this session
console.info: MINT: Loading search-config defaults.
JavaScript error: resource://gre/modules/TelemetryUtils.jsm, line 154: TypeError: date is undefined
!!! error running onStopped callback: TypeError: callback is not a function
1639586628889	geckodriver::marionette	ERROR	Failed to close browser connection: Socket not connected (os error 107)
1639586629344	Marionette	INFO	Stopped listening on port 35891

###!!! [Parent][RunMessage] Error: Channel closing: too late to send/recv, messages will be lost

1639586629591	RemoteAgent	ERROR	unable to stop listener: [Exception... "Component returned failure code: 0x8000ffff (NS_ERROR_UNEXPECTED) [nsIWindowMediator.getEnumerator]"  nsresult: "0x8000ffff (NS_ERROR_UNEXPECTED)"  location: "JS frame :: chrome://remote/content/cdp/observers/TargetObserver.jsm :: stop :: line 64"  data: no] Stack trace: stop()@TargetObserver.jsm:64
unwatchForTabs()@TargetList.jsm:70
unwatchForTargets()@TargetList.jsm:37
destructor()@TargetList.jsm:109
close()@RemoteAgent.jsm:136
1639586648225	geckodriver	INFO	Listening on 127.0.0.1:38607
1639586648234	mozrunner::runner	INFO	Running command: "/usr/bin/firefox" "--marionette" "--remote-debugging-port" "60019" "-no-remote" "-profile" "/tmp/rust_mozprofilekvCR8D"
1639586650621	Marionette	INFO	Marionette enabled
console.info: MINT: Trying to use the system region (based on LANG).
console.info: MINT: System region is US
console.warn: SearchSettings: "get: No settings file exists, new profile?" (new NotFoundError("Could not open the file at /tmp/rust_mozprofilekvCR8D/search.json.mozlz4", (void 0)))
DevTools listening on ws://localhost:60019/devtools/browser/30a61a02-116f-4b6c-9025-bea85f8b330b
1639586655437	Marionette	INFO	Listening on port 35497
1639586655494	Marionette	WARN	TLS certificate errors will be ignored for this session
console.info: MINT: Loading search-config defaults.
JavaScript error: resource://gre/modules/XULStore.jsm, line 66: Error: Can't find profile directory.
JavaScript error: resource://gre/modules/XULStore.jsm, line 66: Error: Can't find profile directory.
JavaScript error: resource://gre/modules/TelemetryUtils.jsm, line 154: TypeError: date is undefined
!!! error running onStopped callback: TypeError: callback is not a function
1639586717898	Marionette	INFO	Stopped listening on port 35497

###!!! [Parent][RunMessage] Error: Channel closing: too late to send/recv, messages will be lost

1639586717943	RemoteAgent	ERROR	unable to stop listener: [Exception... "Component returned failure code: 0x8000ffff (NS_ERROR_UNEXPECTED) [nsIWindowMediator.getEnumerator]"  nsresult: "0x8000ffff (NS_ERROR_UNEXPECTED)"  location: "JS frame :: chrome://remote/content/cdp/observers/TargetObserver.jsm :: stop :: line 64"  data: no] Stack trace: stop()@TargetObserver.jsm:64
unwatchForTabs()@TargetList.jsm:70
unwatchForTargets()@TargetList.jsm:37
destructor()@TargetList.jsm:109
close()@RemoteAgent.jsm:136
1639586737170	geckodriver	INFO	Listening on 127.0.0.1:39721
1639586737191	mozrunner::runner	INFO	Running command: "/usr/bin/firefox" "--marionette" "--remote-debugging-port" "37957" "-no-remote" "-profile" "/tmp/rust_mozprofileIy8pq2"
1639586739528	Marionette	INFO	Marionette enabled
console.info: MINT: Trying to use the system region (based on LANG).
console.info: MINT: System region is US
console.warn: SearchSettings: "get: No settings file exists, new profile?" (new NotFoundError("Could not open the file at /tmp/rust_mozprofileIy8pq2/search.json.mozlz4", (void 0)))
DevTools listening on ws://localhost:37957/devtools/browser/1dda1bcd-079e-42b5-abeb-8a3fe5d75ec5
1639586744821	Marionette	INFO	Listening on port 35965
1639586744878	Marionette	WARN	TLS certificate errors will be ignored for this session
console.info: MINT: Loading search-config defaults.
JavaScript error: resource://gre/modules/TelemetryUtils.jsm, line 154: TypeError: date is undefined
JavaScript error: resource://gre/modules/XULStore.jsm, line 66: Error: Can't find profile directory.
JavaScript error: resource://gre/modules/XULStore.jsm, line 66: Error: Can't find profile directory.
1639586881242	geckodriver	INFO	Listening on 127.0.0.1:58655
1639586881284	mozrunner::runner	INFO	Running command: "/usr/bin/firefox" "--marionette" "--remote-debugging-port" "39957" "-no-remote" "-profile" "/tmp/rust_mozprofileRSwU6b"
1639586884379	Marionette	INFO	Marionette enabled
console.info: MINT: Trying to use the system region (based on LANG).
console.info: MINT: System region is US
console.warn: SearchSettings: "get: No settings file exists, new profile?" (new NotFoundError("Could not open the file at /tmp/rust_mozprofileRSwU6b/search.json.mozlz4", (void 0)))
DevTools listening on ws://localhost:39957/devtools/browser/708c9bf4-657a-47d6-a62d-dc1af2386bd6
1639586891042	Marionette	INFO	Listening on port 38457
1639586891203	Marionette	WARN	TLS certificate errors will be ignored for this session
console.info: MINT: Loading search-config defaults.
JavaScript error: resource://gre/modules/TelemetryUtils.jsm, line 154: TypeError: date is undefined
JavaScript error: resource://gre/modules/XULStore.jsm, line 66: Error: Can't find profile directory.
JavaScript error: resource://gre/modules/XULStore.jsm, line 66: Error: Can't find profile directory.
console.warn: LoginRecipes: "getRecipes: falling back to a synchronous message for:" "https://stake.com"
!!! error running onStopped callback: TypeError: callback is not a function
1639586922978	Marionette	INFO	Stopped listening on port 35965
1639586923073	RemoteAgent	ERROR	unable to stop listener: [Exception... "Component returned failure code: 0x8000ffff (NS_ERROR_UNEXPECTED) [nsIWindowMediator.getEnumerator]"  nsresult: "0x8000ffff (NS_ERROR_UNEXPECTED)"  location: "JS frame :: chrome://remote/content/cdp/observers/TargetObserver.jsm :: stop :: line 64"  data: no] Stack trace: stop()@TargetObserver.jsm:64
unwatchForTabs()@TargetList.jsm:70
unwatchForTargets()@TargetList.jsm:37
destructor()@TargetList.jsm:109
close()@RemoteAgent.jsm:136
!!! error running onStopped callback: TypeError: callback is not a function
1639586924086	Marionette	INFO	Stopped listening on port 38457
1639586924155	RemoteAgent	ERROR	unable to stop listener: [Exception... "Component returned failure code: 0x8000ffff (NS_ERROR_UNEXPECTED) [nsIWindowMediator.getEnumerator]"  nsresult: "0x8000ffff (NS_ERROR_UNEXPECTED)"  location: "JS frame :: chrome://remote/content/cdp/observers/TargetObserver.jsm :: stop :: line 64"  data: no] Stack trace: stop()@TargetObserver.jsm:64
unwatchForTabs()@TargetList.jsm:70
unwatchForTargets()@TargetList.jsm:37
destructor()@TargetList.jsm:109
close()@RemoteAgent.jsm:136
1639587046059	geckodriver	INFO	Listening on 127.0.0.1:35527
1639587046066	mozrunner::runner	INFO	Running command: "/usr/bin/firefox" "--marionette" "--remote-debugging-port" "35719" "-no-remote" "-profile" "/tmp/rust_mozprofilew8QNFu"
1639587048192	Marionette	INFO	Marionette enabled
console.info: MINT: Trying to use the system region (based on LANG).
console.info: MINT: System region is US
console.warn: SearchSettings: "get: No settings file exists, new profile?" (new NotFoundError("Could not open the file at /tmp/rust_mozprofilew8QNFu/search.json.mozlz4", (void 0)))
DevTools listening on ws://localhost:35719/devtools/browser/762fc290-2249-4996-9766-7236288ed2bf
1639587051959	Marionette	INFO	Listening on port 44757
1639587052008	Marionette	WARN	TLS certificate errors will be ignored for this session
console.info: MINT: Loading search-config defaults.
JavaScript error: resource://gre/modules/TelemetryUtils.jsm, line 154: TypeError: date is undefined
!!! error running onStopped callback: TypeError: callback is not a function
1639587076933	Marionette	INFO	Stopped listening on port 44757
1639587076956	RemoteAgent	ERROR	unable to stop listener: [Exception... "Component returned failure code: 0x8000ffff (NS_ERROR_UNEXPECTED) [nsIWindowMediator.getEnumerator]"  nsresult: "0x8000ffff (NS_ERROR_UNEXPECTED)"  location: "JS frame :: chrome://remote/content/cdp/observers/TargetObserver.jsm :: stop :: line 64"  data: no] Stack trace: stop()@TargetObserver.jsm:64
unwatchForTabs()@TargetList.jsm:70
unwatchForTargets()@TargetList.jsm:37
destructor()@TargetList.jsm:109
close()@RemoteAgent.jsm:136
1639587163451	geckodriver	INFO	Listening on 127.0.0.1:52177
1639587163457	mozrunner::runner	INFO	Running command: "/usr/bin/firefox" "--marionette" "--remote-debugging-port" "48091" "-no-remote" "-profile" "/tmp/rust_mozprofile49oT7T"
1639587165407	Marionette	INFO	Marionette enabled
console.info: MINT: Trying to use the system region (based on LANG).
console.info: MINT: System region is US
console.warn: SearchSettings: "get: No settings file exists, new profile?" (new NotFoundError("Could not open the file at /tmp/rust_mozprofile49oT7T/search.json.mozlz4", (void 0)))
DevTools listening on ws://localhost:48091/devtools/browser/d329e847-cb27-4609-aea3-ed78f4dabead
1639587169787	Marionette	INFO	Listening on port 45199
1639587169897	Marionette	WARN	TLS certificate errors will be ignored for this session
console.info: MINT: Loading search-config defaults.
JavaScript error: resource://gre/modules/TelemetryUtils.jsm, line 154: TypeError: date is undefined
Marionette threw an error: TypeError: browsingContextFn().currentWindowGlobal is null
getMarionetteCommandsActorProxy/get/<@chrome://marionette/content/actors/MarionetteCommandsParent.jsm:327:29

!!! error running onStopped callback: TypeError: callback is not a function
1639587186234	Marionette	INFO	Stopped listening on port 45199
1639587186265	RemoteAgent	ERROR	unable to stop listener: [Exception... "Component returned failure code: 0x8000ffff (NS_ERROR_UNEXPECTED) [nsIWindowMediator.getEnumerator]"  nsresult: "0x8000ffff (NS_ERROR_UNEXPECTED)"  location: "JS frame :: chrome://remote/content/cdp/observers/TargetObserver.jsm :: stop :: line 64"  data: no] Stack trace: stop()@TargetObserver.jsm:64
unwatchForTabs()@TargetList.jsm:70
unwatchForTargets()@TargetList.jsm:37
destructor()@TargetList.jsm:109
close()@RemoteAgent.jsm:136
1639587187323	geckodriver	INFO	Listening on 127.0.0.1:53163
1639587187329	mozrunner::runner	INFO	Running command: "/usr/bin/firefox" "--marionette" "--remote-debugging-port" "37713" "-no-remote" "-profile" "/tmp/rust_mozprofilewer0qj"
1639587189457	Marionette	INFO	Marionette enabled
console.info: MINT: Trying to use the system region (based on LANG).
console.info: MINT: System region is US
console.warn: SearchSettings: "get: No settings file exists, new profile?" (new NotFoundError("Could not open the file at /tmp/rust_mozprofilewer0qj/search.json.mozlz4", (void 0)))
DevTools listening on ws://localhost:37713/devtools/browser/d8ebb62b-eb76-469e-bda0-414d648032f2
1639587193244	Marionette	INFO	Listening on port 39461
1639587193369	Marionette	WARN	TLS certificate errors will be ignored for this session
console.info: MINT: Loading search-config defaults.
JavaScript error: resource://gre/modules/TelemetryUtils.jsm, line 154: TypeError: date is undefined
Marionette threw an error: TypeError: browsingContextFn().currentWindowGlobal is null
getMarionetteCommandsActorProxy/get/<@chrome://marionette/content/actors/MarionetteCommandsParent.jsm:327:29

!!! error running onStopped callback: TypeError: callback is not a function
1639587208972	Marionette	INFO	Stopped listening on port 39461
1639587209027	RemoteAgent	ERROR	unable to stop listener: [Exception... "Component returned failure code: 0x8000ffff (NS_ERROR_UNEXPECTED) [nsIWindowMediator.getEnumerator]"  nsresult: "0x8000ffff (NS_ERROR_UNEXPECTED)"  location: "JS frame :: chrome://remote/content/cdp/observers/TargetObserver.jsm :: stop :: line 64"  data: no] Stack trace: stop()@TargetObserver.jsm:64
unwatchForTabs()@TargetList.jsm:70
unwatchForTargets()@TargetList.jsm:37
destructor()@TargetList.jsm:109
close()@RemoteAgent.jsm:136
1639587315315	geckodriver	INFO	Listening on 127.0.0.1:44333
1639587315321	mozrunner::runner	INFO	Running command: "/usr/bin/firefox" "--marionette" "--remote-debugging-port" "37497" "-no-remote" "-profile" "/tmp/rust_mozprofileiC3EdE"
1639587317563	Marionette	INFO	Marionette enabled
console.info: MINT: Trying to use the system region (based on LANG).
console.info: MINT: System region is US
console.warn: SearchSettings: "get: No settings file exists, new profile?" (new NotFoundError("Could not open the file at /tmp/rust_mozprofileiC3EdE/search.json.mozlz4", (void 0)))
DevTools listening on ws://localhost:37497/devtools/browser/3043d69f-6fec-42bf-8eb1-6ba4d1cfcf47
1639587321381	Marionette	INFO	Listening on port 41271
1639587321459	Marionette	WARN	TLS certificate errors will be ignored for this session
console.info: MINT: Loading search-config defaults.
JavaScript error: resource://gre/modules/TelemetryUtils.jsm, line 154: TypeError: date is undefined
JavaScript error: resource://gre/modules/UrlClassifierListManager.jsm, line 691: TypeError: this.tablesData[table] is undefined
!!! error running onStopped callback: TypeError: callback is not a function
1639587329431	Marionette	INFO	Stopped listening on port 41271
1639587329486	RemoteAgent	ERROR	unable to stop listener: [Exception... "Component returned failure code: 0x8000ffff (NS_ERROR_UNEXPECTED) [nsIWindowMediator.getEnumerator]"  nsresult: "0x8000ffff (NS_ERROR_UNEXPECTED)"  location: "JS frame :: chrome://remote/content/cdp/observers/TargetObserver.jsm :: stop :: line 64"  data: no] Stack trace: stop()@TargetObserver.jsm:64
unwatchForTabs()@TargetList.jsm:70
unwatchForTargets()@TargetList.jsm:37
destructor()@TargetList.jsm:109
close()@RemoteAgent.jsm:136
1639587330742	geckodriver	INFO	Listening on 127.0.0.1:57121
1639587330749	mozrunner::runner	INFO	Running command: "/usr/bin/firefox" "--marionette" "--remote-debugging-port" "55799" "-no-remote" "-profile" "/tmp/rust_mozprofile2oKZqT"
1639587332903	Marionette	INFO	Marionette enabled
console.info: MINT: Trying to use the system region (based on LANG).
console.info: MINT: System region is US
console.warn: SearchSettings: "get: No settings file exists, new profile?" (new NotFoundError("Could not open the file at /tmp/rust_mozprofile2oKZqT/search.json.mozlz4", (void 0)))
DevTools listening on ws://localhost:55799/devtools/browser/8ce01777-8346-422e-ad66-47b537aa4d9c
1639587336653	Marionette	INFO	Listening on port 35911
1639587336689	Marionette	WARN	TLS certificate errors will be ignored for this session
console.info: MINT: Loading search-config defaults.
JavaScript error: resource://gre/modules/TelemetryUtils.jsm, line 154: TypeError: date is undefined
!!! error running onStopped callback: TypeError: callback is not a function
1639587446852	Marionette	INFO	Stopped listening on port 35911
1639587446914	RemoteAgent	ERROR	unable to stop listener: [Exception... "Component returned failure code: 0x8000ffff (NS_ERROR_UNEXPECTED) [nsIWindowMediator.getEnumerator]"  nsresult: "0x8000ffff (NS_ERROR_UNEXPECTED)"  location: "JS frame :: chrome://remote/content/cdp/observers/TargetObserver.jsm :: stop :: line 64"  data: no] Stack trace: stop()@TargetObserver.jsm:64
unwatchForTabs()@TargetList.jsm:70
unwatchForTargets()@TargetList.jsm:37
destructor()@TargetList.jsm:109
close()@RemoteAgent.jsm:136
